May 19, 2014 10:38:17 AM org.apache.catalina.core.AprLifecycleListener init
INFO: Loaded APR based Apache Tomcat Native library 1.1.27 using APR version 1.4.6.
May 19, 2014 10:38:17 AM org.apache.catalina.core.AprLifecycleListener init
INFO: APR capabilities: IPv6 [true], sendfile [true], accept filters [false], random [true].
May 19, 2014 10:38:18 AM org.apache.catalina.core.AprLifecycleListener initializeSSL
INFO: OpenSSL successfully initialized with version OpenSSL 1.0.1d 5 Feb 2013
May 19, 2014 10:41:18 AM org.apache.coyote.http11.Http11AprProtocol init
INFO: Initializing Coyote HTTP/1.1 on http-8080
May 19, 2014 10:44:18 AM org.apache.coyote.ajp.AjpAprProtocol init
INFO: Initializing Coyote AJP/1.3 on ajp-8009
May 19, 2014 10:44:18 AM org.apache.catalina.startup.Catalina load
INFO: Initialization processed in 360657 ms
May 19, 2014 10:44:18 AM org.apache.catalina.core.StandardService start
INFO: Starting service Catalina
May 19, 2014 10:44:18 AM org.apache.catalina.core.StandardEngine start
INFO: Starting Servlet Engine: Apache Tomcat/6.0.39
May 19, 2014 10:44:18 AM org.apache.catalina.startup.HostConfig deployDirectory
INFO: Deploying web application directory docs
May 19, 2014 10:44:18 AM org.apache.catalina.startup.HostConfig deployDirectory
INFO: Deploying web application directory examples
May 19, 2014 10:44:18 AM org.apache.catalina.startup.HostConfig deployDirectory
INFO: Deploying web application directory host-manager
May 19, 2014 10:44:18 AM org.apache.catalina.startup.HostConfig deployDirectory
INFO: Deploying web application directory manager
May 19, 2014 10:44:18 AM org.apache.catalina.startup.HostConfig deployDirectory
INFO: Deploying web application directory ROOT
May 19, 2014 10:44:18 AM org.apache.coyote.http11.Http11AprProtocol start
INFO: Starting Coyote HTTP/1.1 on http-8080
May 19, 2014 10:44:18 AM org.apache.coyote.ajp.AjpAprProtocol start
INFO: Starting Coyote AJP/1.3 on ajp-8009
May 19, 2014 10:44:18 AM org.apache.catalina.startup.Catalina start
INFO: Server startup in 492 ms
May 19, 2014 10:47:44 AM org.apache.catalina.startup.Catalina stopServer
SEVERE: Catalina.stop: 
java.net.ConnectException: Connection timed out: connect
	at java.net.PlainSocketImpl.socketConnect(Native Method)
	at java.net.PlainSocketImpl.doConnect(PlainSocketImpl.java:351)
	at java.net.PlainSocketImpl.connectToAddress(PlainSocketImpl.java:213)
	at java.net.PlainSocketImpl.connect(PlainSocketImpl.java:200)
	at java.net.SocksSocketImpl.connect(SocksSocketImpl.java:366)
	at java.net.Socket.connect(Socket.java:529)
	at java.net.Socket.connect(Socket.java:478)
	at java.net.Socket.<init>(Socket.java:375)
	at java.net.Socket.<init>(Socket.java:189)
	at org.apache.catalina.startup.Catalina.stopServer(Catalina.java:422)
	at sun.reflect.NativeMethodAccessorImpl.invoke0(Native Method)
	at sun.reflect.NativeMethodAccessorImpl.invoke(NativeMethodAccessorImpl.java:39)
	at sun.reflect.DelegatingMethodAccessorImpl.invoke(DelegatingMethodAccessorImpl.java:25)
	at java.lang.reflect.Method.invoke(Method.java:597)
	at org.apache.catalina.startup.Bootstrap.stopServer(Bootstrap.java:338)
	at org.apache.catalina.startup.Bootstrap.main(Bootstrap.java:416)
May 19, 2014 10:48:28 AM org.apache.coyote.http11.Http11AprProtocol pause
INFO: Pausing Coyote HTTP/1.1 on http-8080
May 19, 2014 10:48:29 AM org.apache.coyote.ajp.AjpAprProtocol pause
INFO: Pausing Coyote AJP/1.3 on ajp-8009
May 19, 2014 10:48:30 AM org.apache.catalina.core.StandardService stop
INFO: Stopping service Catalina
May 19, 2014 10:48:30 AM org.apache.coyote.http11.Http11AprProtocol destroy
INFO: Stopping Coyote HTTP/1.1 on http-8080
May 19, 2014 10:48:40 AM org.apache.tomcat.util.net.AprEndpoint stop
WARNING: Acceptor thread [http-8080-Acceptor-0] failed to unlock. Forcing hard socket shutdown.
May 19, 2014 10:48:40 AM org.apache.coyote.ajp.AjpAprProtocol destroy
INFO: Stopping Coyote AJP/1.3 on ajp-8009
May 19, 2014 10:48:51 AM org.apache.tomcat.util.net.AprEndpoint stop
WARNING: Acceptor thread [ajp-8009-Acceptor-0] failed to unlock. Forcing hard socket shutdown.
